TN:
SF:/Users/deokamara/Desktop/kachicha_folders/express-api-shoppinglist/app.js
FN:19,(anonymous_0)
FN:23,(anonymous_1)
FN:35,(anonymous_2)
FN:42,(anonymous_3)
FN:55,(anonymous_4)
FNF:5
FNH:2
FNDA:0,(anonymous_0)
FNDA:1,(anonymous_1)
FNDA:0,(anonymous_2)
FNDA:0,(anonymous_3)
FNDA:1,(anonymous_4)
DA:2,1
DA:3,1
DA:4,1
DA:5,1
DA:8,1
DA:9,1
DA:11,1
DA:12,1
DA:16,1
DA:17,1
DA:18,1
DA:19,1
DA:20,0
DA:23,1
DA:24,1
DA:27,1
DA:29,0
DA:32,1
DA:35,1
DA:36,0
DA:37,0
DA:38,0
DA:42,1
DA:43,0
DA:44,0
DA:53,1
DA:55,1
DA:56,1
DA:59,1
LF:29
LH:22
BRDA:27,0,0,0
BRDA:27,0,1,1
BRDA:43,1,0,0
BRDA:43,1,1,0
BRDA:53,2,0,1
BRDA:53,2,1,1
BRF:6
BRH:3
end_of_record
TN:
SF:/Users/deokamara/Desktop/kachicha_folders/express-api-shoppinglist/models.js
FNF:0
FNH:0
DA:3,1
DA:4,1
DA:7,1
DA:12,1
DA:20,1
DA:21,1
DA:23,1
DA:24,1
LF:8
LH:8
BRF:0
BRH:0
end_of_record
TN:
SF:/Users/deokamara/Desktop/kachicha_folders/express-api-shoppinglist/router.js
FN:16,(anonymous_0)
FN:17,(anonymous_1)
FN:32,(anonymous_2)
FN:33,(anonymous_3)
FN:46,(anonymous_4)
FN:50,(anonymous_5)
FN:55,(anonymous_6)
FN:56,(anonymous_7)
FN:66,(anonymous_8)
FN:69,(anonymous_9)
FN:74,(anonymous_10)
FN:83,(anonymous_11)
FN:86,(anonymous_12)
FN:91,(anonymous_13)
FN:101,(anonymous_14)
FN:104,(anonymous_15)
FN:109,(anonymous_16)
FNF:17
FNH:17
FNDA:1,(anonymous_0)
FNDA:1,(anonymous_1)
FNDA:1,(anonymous_2)
FNDA:1,(anonymous_3)
FNDA:1,(anonymous_4)
FNDA:1,(anonymous_5)
FNDA:1,(anonymous_6)
FNDA:1,(anonymous_7)
FNDA:1,(anonymous_8)
FNDA:1,(anonymous_9)
FNDA:1,(anonymous_10)
FNDA:1,(anonymous_11)
FNDA:1,(anonymous_12)
FNDA:1,(anonymous_13)
FNDA:1,(anonymous_14)
FNDA:1,(anonymous_15)
FNDA:1,(anonymous_16)
DA:3,1
DA:5,1
DA:7,1
DA:8,1
DA:9,1
DA:14,1
DA:17,1
DA:18,1
DA:19,0
DA:22,1
DA:23,1
DA:24,1
DA:33,1
DA:34,1
DA:35,0
DA:37,1
DA:40,1
DA:47,1
DA:49,1
DA:50,1
DA:51,1
DA:55,1
DA:56,1
DA:57,1
DA:58,1
DA:67,1
DA:68,1
DA:69,1
DA:70,1
DA:74,1
DA:75,1
DA:76,1
DA:77,1
DA:84,1
DA:85,1
DA:86,1
DA:87,1
DA:91,1
DA:92,1
DA:95,1
DA:102,1
DA:103,1
DA:104,1
DA:105,1
DA:109,1
DA:110,1
DA:111,1
DA:116,1
LF:48
LH:46
BRDA:18,0,0,0
BRDA:18,0,1,1
BRDA:34,1,0,0
BRDA:34,1,1,1
BRDA:49,2,0,0
BRDA:49,2,1,1
BRDA:51,3,0,0
BRDA:51,3,1,1
BRDA:68,4,0,0
BRDA:68,4,1,1
BRDA:70,5,0,0
BRDA:70,5,1,1
BRDA:85,6,0,0
BRDA:85,6,1,1
BRDA:87,7,0,0
BRDA:87,7,1,1
BRDA:103,8,0,0
BRDA:103,8,1,1
BRDA:105,9,0,0
BRDA:105,9,1,1
BRF:20
BRH:10
end_of_record
